<?xml version="1.0" encoding="UTF-8"?>
<!-- Generated by org.testng.reporters.JUnitXMLReporter -->
<testsuite ignored="0" hostname="DESKTOP-4Q3BKOP" failures="0" tests="4" name="Default test" time="46.143" errors="0" timestamp="2021-12-02T01:51:00 IST">
  <testcase classname="Demo.Test.AppTest" name="Multiplication" time="1.597"/>
  <testcase classname="Demo.Test.AppTest" name="Division" time="0.461"/>
  <testcase classname="Demo.Test.AppTest" name="Addition" time="0.919"/>
  <testcase classname="Demo.Test.AppTest" name="Subtraction" time="1.11"/>
</testsuite> <!-- Default test -->
