<?xml version="1.0" encoding="UTF-8"?>
<!-- Generated by org.testng.reporters.JUnitXMLReporter -->
<testsuite ignored="0" hostname="DESKTOP-4Q3BKOP" failures="0" tests="4" name="Test" time="15.837" errors="0" timestamp="2021-12-02T01:00:36 IST">
  <testcase classname="Demo.Test.AppTest" name="Multiplication" time="0.491"/>
  <testcase classname="Demo.Test.AppTest" name="Division" time="0.415"/>
  <testcase classname="Demo.Test.AppTest" name="Addition" time="0.772"/>
  <testcase classname="Demo.Test.AppTest" name="Subtraction" time="0.773"/>
</testsuite> <!-- Test -->
