<?xml version="1.0" encoding="UTF-8"?>
<testsuite xmlns:xsi="http://www.w3.org/2001/XMLSchema-instance" xsi:noNamespaceSchemaLocation="https://maven.apache.org/surefire/maven-surefire-plugin/xsd/surefire-test-report-3.0.xsd" version="3.0" name="TestSuite" time="16.921" tests="4" errors="0" skipped="0" failures="0">
  <properties>
[...]
</properties>
  <testcase name="Multiplication" classname="Demo.Test.AppTest" time="0.443">
    <system-out><![CDATA[Multiplication Result= 222075
]]></system-out>
    <system-err><![CDATA[SLF4J: Failed to load class "org.slf4j.impl.StaticLoggerBinder".
SLF4J: Defaulting to no-operation (NOP) logger implementation
SLF4J: See http://www.slf4j.org/codes.html#StaticLoggerBinder for further details.
Starting ChromeDriver 96.0.4664.45 (76e4c1bb2ab4671b8beba3444e61c0f17584b2fc-refs/branch-heads/4664@{#947}) on port 24862
Only local connections are allowed.
Please see https://chromedriver.chromium.org/security-considerations for suggestions on keeping ChromeDriver safe.
ChromeDriver was started successfully.
Dec 02, 2021 1:00:25 AM org.openqa.selenium.remote.ProtocolHandshake createSession
INFO: Detected dialect: W3C
Dec 02, 2021 1:00:25 AM org.openqa.selenium.devtools.CdpVersionFinder findNearestMatch
WARNING: Unable to find an exact match for CDP version 96, so returning the closest version found: 93
Dec 02, 2021 1:00:25 AM org.openqa.selenium.devtools.CdpVersionFinder findNearestMatch
INFO: Found CDP implementation for version 96 of 93
]]></system-err>
  </testcase>
  <testcase name="Division" classname="Demo.Test.AppTest" time="0.416">
    <system-out><![CDATA[Division Result= 20
]]></system-out>
  </testcase>
  <testcase name="Addition" classname="Demo.Test.AppTest" time="0.772">
    <system-out><![CDATA[Addition Result= 111111
]]></system-out>
  </testcase>
  <testcase name="Subtraction" classname="Demo.Test.AppTest" time="0.774">
    <system-out><![CDATA[Subtraction Result= 23329646
]]></system-out>
  </testcase>
</testsuite>