<?xml version="1.0" encoding="UTF-8"?>
<testng-results ignored="0" total="4" passed="4" failed="0" skipped="0">
  <reporter-output>
  </reporter-output>
  <suite started-at="2021-12-02T01:00:20 IST" name="Suite" finished-at="2021-12-02T01:00:36 IST" duration-ms="15837">
    <groups>
    </groups>
    <test started-at="2021-12-02T01:00:20 IST" name="Test" finished-at="2021-12-02T01:00:36 IST" duration-ms="15837">
      <class name="Demo.Test.AppTest">
        <test-method is-config="true" signature="test()[pri:0, instance:Demo.Test.AppTest@6d3a388c]" started-at="2021-12-02T01:00:20 IST" name="test" finished-at="2021-12-02T01:00:33 IST" duration-ms="13001" status="PASS">
          <reporter-output>
          </reporter-output>
        </test-method> <!-- test -->
        <test-method signature="Multiplication()[pri:0, instance:Demo.Test.AppTest@6d3a388c]" started-at="2021-12-02T01:00:33 IST" name="Multiplication" finished-at="2021-12-02T01:00:33 IST" duration-ms="491" status="PASS">
          <reporter-output>
          </reporter-output>
        </test-method> <!-- Multiplication -->
        <test-method signature="Division()[pri:1, instance:Demo.Test.AppTest@6d3a388c]" started-at="2021-12-02T01:00:33 IST" name="Division" finished-at="2021-12-02T01:00:34 IST" duration-ms="415" status="PASS">
          <reporter-output>
          </reporter-output>
        </test-method> <!-- Division -->
        <test-method signature="Addition()[pri:2, instance:Demo.Test.AppTest@6d3a388c]" started-at="2021-12-02T01:00:34 IST" name="Addition" finished-at="2021-12-02T01:00:35 IST" duration-ms="772" status="PASS">
          <reporter-output>
          </reporter-output>
        </test-method> <!-- Addition -->
        <test-method signature="Subtraction()[pri:3, instance:Demo.Test.AppTest@6d3a388c]" started-at="2021-12-02T01:00:35 IST" name="Subtraction" finished-at="2021-12-02T01:00:35 IST" duration-ms="773" status="PASS">
          <reporter-output>
          </reporter-output>
        </test-method> <!-- Subtraction -->
        <test-method is-config="true" signature="exit()[pri:0, instance:Demo.Test.AppTest@6d3a388c]" started-at="2021-12-02T01:00:35 IST" name="exit" finished-at="2021-12-02T01:00:36 IST" duration-ms="267" status="PASS">
          <reporter-output>
          </reporter-output>
        </test-method> <!-- exit -->
      </class> <!-- Demo.Test.AppTest -->
    </test> <!-- Test -->
  </suite> <!-- Suite -->
</testng-results>
