<?xml version="1.0" encoding="UTF-8"?>
<!-- Generated by org.testng.reporters.JUnitXMLReporter -->
<testsuite ignored="0" hostname="DESKTOP-4Q3BKOP" failures="0" tests="4" name="Command line test" time="18.551" errors="0" timestamp="2021-12-02T00:55:23 IST">
  <testcase classname="Demo.Test.AppTest" name="Multiplication" time="1.555"/>
  <testcase classname="Demo.Test.AppTest" name="Division" time="0.67"/>
  <testcase classname="Demo.Test.AppTest" name="Addition" time="0.825"/>
  <testcase classname="Demo.Test.AppTest" name="Subtraction" time="1.898"/>
</testsuite> <!-- Command line test -->
