<?xml version="1.0" encoding="UTF-8"?>
<testng-results ignored="0" total="4" passed="4" failed="0" skipped="0">
  <reporter-output>
  </reporter-output>
  <suite started-at="2021-12-02T01:50:14 IST" name="Default suite" finished-at="2021-12-02T01:51:00 IST" duration-ms="46143">
    <groups>
    </groups>
    <test started-at="2021-12-02T01:50:14 IST" name="Default test" finished-at="2021-12-02T01:51:00 IST" duration-ms="46143">
      <class name="Demo.Test.AppTest">
        <test-method is-config="true" signature="test()[pri:0, instance:Demo.Test.AppTest@37d4349f]" started-at="2021-12-02T01:50:14 IST" name="test" finished-at="2021-12-02T01:50:55 IST" duration-ms="40964" status="PASS">
          <reporter-output>
          </reporter-output>
        </test-method> <!-- test -->
        <test-method signature="Multiplication()[pri:0, instance:Demo.Test.AppTest@37d4349f]" started-at="2021-12-02T01:50:55 IST" name="Multiplication" finished-at="2021-12-02T01:50:56 IST" duration-ms="1597" status="PASS">
          <reporter-output>
          </reporter-output>
        </test-method> <!-- Multiplication -->
        <test-method signature="Division()[pri:1, instance:Demo.Test.AppTest@37d4349f]" started-at="2021-12-02T01:50:56 IST" name="Division" finished-at="2021-12-02T01:50:57 IST" duration-ms="461" status="PASS">
          <reporter-output>
          </reporter-output>
        </test-method> <!-- Division -->
        <test-method signature="Addition()[pri:2, instance:Demo.Test.AppTest@37d4349f]" started-at="2021-12-02T01:50:57 IST" name="Addition" finished-at="2021-12-02T01:50:58 IST" duration-ms="919" status="PASS">
          <reporter-output>
          </reporter-output>
        </test-method> <!-- Addition -->
        <test-method signature="Subtraction()[pri:3, instance:Demo.Test.AppTest@37d4349f]" started-at="2021-12-02T01:50:58 IST" name="Subtraction" finished-at="2021-12-02T01:50:59 IST" duration-ms="1110" status="PASS">
          <reporter-output>
          </reporter-output>
        </test-method> <!-- Subtraction -->
        <test-method is-config="true" signature="exit()[pri:0, instance:Demo.Test.AppTest@37d4349f]" started-at="2021-12-02T01:50:59 IST" name="exit" finished-at="2021-12-02T01:51:00 IST" duration-ms="901" status="PASS">
          <reporter-output>
          </reporter-output>
        </test-method> <!-- exit -->
      </class> <!-- Demo.Test.AppTest -->
    </test> <!-- Default test -->
  </suite> <!-- Default suite -->
</testng-results>
